Using pre-set license
Built from '2020.3/release' branch; Version is '2020.3.12f1 (b3b2c6512326) revision 11776710'; Using compiler version '192528614'; Build Type 'Release'
OS: 'Windows 10 Home; OS build 19042.1415; Version 2009; 64bit' Language: 'en' Physical Memory: 32683 MB
BatchMode: 1, IsHumanControllingUs: 0, StartBugReporterOnCrash: 0, Is64bit: 1, IsPro: 0

 COMMAND LINE ARGUMENTS:
C:\Program Files\Unity\Hub\Editor\2020.3.12f1\Editor\Unity.exe
-adb2
-batchMode
-noUpm
-name
AssetImportWorker0
-projectPath
C:/Users/Toby/Documents/annoying/AnnoyingClientSimulator
-logFile
Logs/AssetImportWorker0.log
-srvPort
58118
Successfully changed project path to: C:/Users/Toby/Documents/annoying/AnnoyingClientSimulator
C:/Users/Toby/Documents/annoying/AnnoyingClientSimulator
Using Asset Import Pipeline V2.
Refreshing native plugins compatible for Editor in 33.47 ms, found 2 plugins.
Preloading 0 native plugins for Editor in 0.00 ms.
Initialize engine version: 2020.3.12f1 (b3b2c6512326)
[Subsystems] Discovering subsystems at path C:/Program Files/Unity/Hub/Editor/2020.3.12f1/Editor/Data/Resources/UnitySubsystems
[Subsystems] Discovering subsystems at path C:/Users/Toby/Documents/annoying/AnnoyingClientSimulator/Assets
GfxDevice: creating device client; threaded=0
Direct3D:
    Version:  Direct3D 11.0 [level 11.1]
    Renderer: NVIDIA GeForce GTX 1080 (ID=0x1b80)
    Vendor:   
    VRAM:     8079 MB
    Driver:   27.21.14.6140
Initialize mono
Mono path[0] = 'C:/Program Files/Unity/Hub/Editor/2020.3.12f1/Editor/Data/Managed'
Mono path[1] = 'C:/Program Files/Unity/Hub/Editor/2020.3.12f1/Editor/Data/MonoBleedingEdge/lib/mono/unityjit'
Mono config path = 'C:/Program Files/Unity/Hub/Editor/2020.3.12f1/Editor/Data/MonoBleedingEdge/etc'
Using monoOptions --debugger-agent=transport=dt_socket,embedding=1,server=y,suspend=n,address=127.0.0.1:56280
Begin MonoManager ReloadAssembly
Registering precompiled unity dll's ...
Register platform support module: C:/Program Files/Unity/Hub/Editor/2020.3.12f1/Editor/Data/PlaybackEngines/WebGLSupport/UnityEditor.WebGL.Extensions.dll
Register platform support module: C:/Program Files/Unity/Hub/Editor/2020.3.12f1/Editor/Data/PlaybackEngines/MacStandaloneSupport/UnityEditor.OSXStandalone.Extensions.dll
Register platform support module: C:/Program Files/Unity/Hub/Editor/2020.3.12f1/Editor/Data/PlaybackEngines/WindowsStandaloneSupport/UnityEditor.WindowsStandalone.Extensions.dll
Registered in 0.002977 seconds.
Native extension for WindowsStandalone target not found
Native extension for OSXStandalone target not found
Native extension for WebGL target not found
Refreshing native plugins compatible for Editor in 31.58 ms, found 2 plugins.
Preloading 0 native plugins for Editor in 0.00 ms.
Mono: successfully reloaded assembly
- Completed reload, in  1.123 seconds
Platform modules already initialized, skipping
Registering precompiled user dll's ...
Registered in 0.004129 seconds.
Begin MonoManager ReloadAssembly
Native extension for WindowsStandalone target not found
Native extension for OSXStandalone target not found
Native extension for WebGL target not found
Refreshing native plugins compatible for Editor in 0.44 ms, found 2 plugins.
Preloading 0 native plugins for Editor in 0.00 ms.
Mono: successfully reloaded assembly
- Completed reload, in  0.870 seconds
Platform modules already initialized, skipping
========================================================================
Worker process is ready to serve import requests
Launched and connected shader compiler UnityShaderCompiler.exe after 0.04 seconds
Refreshing native plugins compatible for Editor in 0.38 ms, found 2 plugins.
Preloading 0 native plugins for Editor in 0.00 ms.
Unloading 1559 Unused Serialized files (Serialized files now loaded: 0)
System memory in use before: 71.8 MB.
System memory in use after: 71.8 MB.

Unloading 19 unused Assets to reduce memory usage. Loaded Objects now: 1992.
Total: 1.728900 ms (FindLiveObjects: 0.140200 ms CreateObjectMapping: 0.047500 ms MarkObjects: 1.474600 ms  DeleteObjects: 0.065800 ms)

AssetImportParameters requested are different than current active one (requested -> active):
  custom:framework-win-MediaFoundation: 216162199b28c13a410421893ffa2e32 -> 
  custom:video-decoder-ogg-theora: a1e56fd34408186e4bbccfd4996cb3dc -> 
  custom:container-muxer-webm: aa71ff27fc2769a1b78a27578f13a17b -> 
  custom:container-demuxer-webm: 4f35f7cbe854078d1ac9338744f61a02 -> 
  custom:container-demuxer-ogg: 62fdf1f143b41e24485cea50d1cbac27 -> 
  custom:video-encoder-webm-vp8: eb34c28f22e8b96e1ab97ce403110664 -> 
  custom:video-decoder-webm-vp8: 9c59270c3fd7afecdb556c50c9e8de78 -> 
  custom:audio-decoder-ogg-vorbis: bf7c407c2cedff20999df2af8eb42d56 -> 
  custom:audio-encoder-webm-vorbis: bf7c407c2cedff20999df2af8eb42d56 -> 
========================================================================
Received Import Request.
  path: Assets/Scenes
  artifactKey: Guid(2d91c33c5d785234f96b27b337f85568) Importer(815301076,1909f56bfc062723c751e8b465ee728b)
Start importing Assets/Scenes using Guid(2d91c33c5d785234f96b27b337f85568) Importer(815301076,1909f56bfc062723c751e8b465ee728b)  -> (artifact id: '1678e60c3cc75c7d74a32094d4771c2d') in 0.007208 seconds 
  Import took 0.009368 seconds .

========================================================================
Received Import Request.
  Time since last request: 163.510703 seconds.
  path: Assets/Drawing Program
  artifactKey: Guid(3e96407464d755a42a0cd1e2e0d31bbe) Importer(815301076,1909f56bfc062723c751e8b465ee728b)
Start importing Assets/Drawing Program using Guid(3e96407464d755a42a0cd1e2e0d31bbe) Importer(815301076,1909f56bfc062723c751e8b465ee728b)  -> (artifact id: '65b4945974df3ab640d49af6bed198aa') in 0.005895 seconds 
  Import took 0.008578 seconds .

========================================================================
Received Import Request.
  Time since last request: 0.041052 seconds.
  path: Assets/Drawing Program/drw_+-layer-button-(hover).png
  artifactKey: Guid(50cbae9b763e145c0afaee99cdc1a202) Importer(815301076,1909f56bfc062723c751e8b465ee728b)
Start importing Assets/Drawing Program/drw_+-layer-button-(hover).png using Guid(50cbae9b763e145c0afaee99cdc1a202) Importer(815301076,1909f56bfc062723c751e8b465ee728b)  -> (artifact id: 'eff286e9e0b5ceded395fcb810cbd946') in 0.120522 seconds 
  Import took 0.122859 seconds .

========================================================================
Received Import Request.
  Time since last request: 0.000189 seconds.
  path: Assets/Drawing Program/drw_bg-layer-(hover).png
  artifactKey: Guid(1eb33b8f2e1d749b5b73afe62a3ed5b9) Importer(815301076,1909f56bfc062723c751e8b465ee728b)
Start importing Assets/Drawing Program/drw_bg-layer-(hover).png using Guid(1eb33b8f2e1d749b5b73afe62a3ed5b9) Importer(815301076,1909f56bfc062723c751e8b465ee728b)  -> (artifact id: 'c8771463e691596efdec43ca1a0077f7') in 0.012905 seconds 
  Import took 0.015236 seconds .

========================================================================
Received Import Request.
  Time since last request: 0.000215 seconds.
  path: Assets/Drawing Program/drw_toolbar-(minimized).png
  artifactKey: Guid(0d23a7b07407f42e0b6d74c15ad847ff) Importer(815301076,1909f56bfc062723c751e8b465ee728b)
Start importing Assets/Drawing Program/drw_toolbar-(minimized).png using Guid(0d23a7b07407f42e0b6d74c15ad847ff) Importer(815301076,1909f56bfc062723c751e8b465ee728b)  -> (artifact id: '0b434376c178319bb8c4be5074ed3157') in 0.009868 seconds 
  Import took 0.012288 seconds .

========================================================================
Received Import Request.
  Time since last request: 0.000202 seconds.
  path: Assets/Drawing Program/drw_toolbar.png
  artifactKey: Guid(3efc4ce8a8a7e4e81b991ad35c0b4dd6) Importer(815301076,1909f56bfc062723c751e8b465ee728b)
Start importing Assets/Drawing Program/drw_toolbar.png using Guid(3efc4ce8a8a7e4e81b991ad35c0b4dd6) Importer(815301076,1909f56bfc062723c751e8b465ee728b)  -> (artifact id: 'd2299815d39382b57427654313924189') in 0.009422 seconds 
  Import took 0.011739 seconds .

========================================================================
Received Import Request.
  Time since last request: 0.000236 seconds.
  path: Assets/Drawing Program/drw_size-slider-bar.png
  artifactKey: Guid(7c77b741ab3974c14ad808a914fc8d4b) Importer(815301076,1909f56bfc062723c751e8b465ee728b)
Start importing Assets/Drawing Program/drw_size-slider-bar.png using Guid(7c77b741ab3974c14ad808a914fc8d4b) Importer(815301076,1909f56bfc062723c751e8b465ee728b)  -> (artifact id: 'c58f58ab2b49e956fa4e02c3f3c11ba8') in 0.010150 seconds 
  Import took 0.012446 seconds .

========================================================================
Received Import Request.
  Time since last request: 0.000187 seconds.
  path: Assets/Drawing Program/drw_minimize-window-(clicked).png
  artifactKey: Guid(fcc8b254f4a664f689ed1587d9fd0890) Importer(815301076,1909f56bfc062723c751e8b465ee728b)
Start importing Assets/Drawing Program/drw_minimize-window-(clicked).png using Guid(fcc8b254f4a664f689ed1587d9fd0890) Importer(815301076,1909f56bfc062723c751e8b465ee728b)  -> (artifact id: '5b200596f3582700bb652d7c70fa47d2') in 0.009459 seconds 
  Import took 0.011697 seconds .

========================================================================
Received Import Request.
  Time since last request: 0.000239 seconds.
  path: Assets/Drawing Program/drw_toolbar-icons.png
  artifactKey: Guid(4787ec9c4d9064fcc976471e306dd5b0) Importer(815301076,1909f56bfc062723c751e8b465ee728b)
Start importing Assets/Drawing Program/drw_toolbar-icons.png using Guid(4787ec9c4d9064fcc976471e306dd5b0) Importer(815301076,1909f56bfc062723c751e8b465ee728b)  -> (artifact id: '3188a0c6ef85b891cd7c3e6bbcc36651') in 0.009767 seconds 
  Import took 0.012059 seconds .

========================================================================
Received Import Request.
  Time since last request: 0.000233 seconds.
  path: Assets/Drawing Program/drw_+-tab-(hover).png
  artifactKey: Guid(33528d061c0894cb098244866b59ec58) Importer(815301076,1909f56bfc062723c751e8b465ee728b)
Start importing Assets/Drawing Program/drw_+-tab-(hover).png using Guid(33528d061c0894cb098244866b59ec58) Importer(815301076,1909f56bfc062723c751e8b465ee728b)  -> (artifact id: '6b297f82816be92754b825b83cac3a0d') in 0.009769 seconds 
  Import took 0.011983 seconds .

========================================================================
Received Import Request.
  Time since last request: 0.000264 seconds.
  path: Assets/Drawing Program/drw_canvas.png
  artifactKey: Guid(4d9c77f5bf49f42f991f528f2f1d191e) Importer(815301076,1909f56bfc062723c751e8b465ee728b)
Start importing Assets/Drawing Program/drw_canvas.png using Guid(4d9c77f5bf49f42f991f528f2f1d191e) Importer(815301076,1909f56bfc062723c751e8b465ee728b)  -> (artifact id: 'a9485f57e7a91c513203141a79c3eeb1') in 0.009719 seconds 
  Import took 0.012082 seconds .

========================================================================
Received Import Request.
  Time since last request: 0.000186 seconds.
  path: Assets/Drawing Program/drw_size-slider-tab.png
  artifactKey: Guid(922b5a9e84b184715822926421ab6d23) Importer(815301076,1909f56bfc062723c751e8b465ee728b)
Start importing Assets/Drawing Program/drw_size-slider-tab.png using Guid(922b5a9e84b184715822926421ab6d23) Importer(815301076,1909f56bfc062723c751e8b465ee728b)  -> (artifact id: '9783809ce65c6a180ebb304cf4ab4284') in 0.010453 seconds 
  Import took 0.012594 seconds .

========================================================================
Received Import Request.
  Time since last request: 0.000224 seconds.
  path: Assets/Drawing Program/drw_--layer-button-(hover.png
  artifactKey: Guid(21e3ab9be33e34853abe1647b60a740b) Importer(815301076,1909f56bfc062723c751e8b465ee728b)
Start importing Assets/Drawing Program/drw_--layer-button-(hover.png using Guid(21e3ab9be33e34853abe1647b60a740b) Importer(815301076,1909f56bfc062723c751e8b465ee728b)  -> (artifact id: '20947372be82181832f925c6f2a90f76') in 0.009556 seconds 
  Import took 0.012027 seconds .

========================================================================
Received Import Request.
  Time since last request: 0.000233 seconds.
  path: Assets/Drawing Program/drw_toolbar-select.png
  artifactKey: Guid(60f6795f21d3d4dd4a513920c139c726) Importer(815301076,1909f56bfc062723c751e8b465ee728b)
Start importing Assets/Drawing Program/drw_toolbar-select.png using Guid(60f6795f21d3d4dd4a513920c139c726) Importer(815301076,1909f56bfc062723c751e8b465ee728b)  -> (artifact id: '2da64c45d39711995823d73f46463e7f') in 0.009624 seconds 
  Import took 0.011901 seconds .

========================================================================
Received Import Request.
  Time since last request: 0.000248 seconds.
  path: Assets/Drawing Program/drw_window.png
  artifactKey: Guid(5aaeaa470520e4948a8415aff9d15eb6) Importer(815301076,1909f56bfc062723c751e8b465ee728b)
Start importing Assets/Drawing Program/drw_window.png using Guid(5aaeaa470520e4948a8415aff9d15eb6) Importer(815301076,1909f56bfc062723c751e8b465ee728b)  -> (artifact id: '374ef2be5e5978c024d0f79e14487a49') in 0.009588 seconds 
  Import took 0.011872 seconds .

========================================================================
Received Import Request.
  Time since last request: 0.000263 seconds.
  path: Assets/Drawing Program/drw_color-select.png
  artifactKey: Guid(ca75a9941dc874072bd7da75e0c073ba) Importer(815301076,1909f56bfc062723c751e8b465ee728b)
Start importing Assets/Drawing Program/drw_color-select.png using Guid(ca75a9941dc874072bd7da75e0c073ba) Importer(815301076,1909f56bfc062723c751e8b465ee728b)  -> (artifact id: 'b859fe6688878b67a09122199f6dfeac') in 0.009799 seconds 
  Import took 0.012056 seconds .

========================================================================
Received Import Request.
  Time since last request: 0.000222 seconds.
  path: Assets/Drawing Program/drw_close-window-(clicked).png
  artifactKey: Guid(ca5a7cd37ab35421686dea4235220d06) Importer(815301076,1909f56bfc062723c751e8b465ee728b)
Start importing Assets/Drawing Program/drw_close-window-(clicked).png using Guid(ca5a7cd37ab35421686dea4235220d06) Importer(815301076,1909f56bfc062723c751e8b465ee728b)  -> (artifact id: 'd5035c52f95fca5467db02b711a4ce27') in 0.010446 seconds 
  Import took 0.012947 seconds .

========================================================================
Received Import Request.
  Time since last request: 2.003789 seconds.
  path: Assets/DreamOS - Complete OS UI
  artifactKey: Guid(8d69912b7f819e54b86dc7312f20b92d) Importer(815301076,1909f56bfc062723c751e8b465ee728b)
Start importing Assets/DreamOS - Complete OS UI using Guid(8d69912b7f819e54b86dc7312f20b92d) Importer(815301076,1909f56bfc062723c751e8b465ee728b)  -> (artifact id: 'fe51325338410a27ad0300a88bfc02cf') in 0.005356 seconds 
  Import took 0.007702 seconds .

========================================================================
Received Import Request.
  Time since last request: 1.667523 seconds.
  path: Assets/DreamOS - Complete OS UI/Scenes
  artifactKey: Guid(185e85548c62eb64d8af2d405d62f135) Importer(815301076,1909f56bfc062723c751e8b465ee728b)
Start importing Assets/DreamOS - Complete OS UI/Scenes using Guid(185e85548c62eb64d8af2d405d62f135) Importer(815301076,1909f56bfc062723c751e8b465ee728b)  -> (artifact id: 'f34b9b52d2dbb53f4e30eb211e91e459') in 0.001876 seconds 
  Import took 0.004200 seconds .

========================================================================
Received Import Request.
  Time since last request: 1.121219 seconds.
  path: Assets/DreamOS - Complete OS UI/Scenes/Desktop.unity
  artifactKey: Guid(bbb2554622c7f90439c4ae6125f9109a) Importer(815301076,1909f56bfc062723c751e8b465ee728b)
Start importing Assets/DreamOS - Complete OS UI/Scenes/Desktop.unity using Guid(bbb2554622c7f90439c4ae6125f9109a) Importer(815301076,1909f56bfc062723c751e8b465ee728b)  -> (artifact id: '3b2dacee13e2e9dc16924ef09625b456') in 0.005661 seconds 
  Import took 0.008105 seconds .

========================================================================
Received Import Request.
  Time since last request: 33.339209 seconds.
  path: Assets/DreamOS - Complete OS UI/Scenes/Desktop.unity
  artifactKey: Guid(bbb2554622c7f90439c4ae6125f9109a) Importer(815301076,1909f56bfc062723c751e8b465ee728b)
Start importing Assets/DreamOS - Complete OS UI/Scenes/Desktop.unity using Guid(bbb2554622c7f90439c4ae6125f9109a) Importer(815301076,1909f56bfc062723c751e8b465ee728b)  -> (artifact id: '269b82e10287a26ce41041312225c1b9') in 0.002192 seconds 
  Import took 0.004552 seconds .

========================================================================
Received Import Request.
  Time since last request: 45.167714 seconds.
  path: Assets/Desktop
  artifactKey: Guid(1ee71cd9701be2743914bfff2727d1a3) Importer(815301076,1909f56bfc062723c751e8b465ee728b)
Start importing Assets/Desktop using Guid(1ee71cd9701be2743914bfff2727d1a3) Importer(815301076,1909f56bfc062723c751e8b465ee728b)  -> (artifact id: '0a660b94d6bb55e84ab36dc2854a355f') in 0.005340 seconds 
  Import took 0.007672 seconds .

========================================================================
Received Import Request.
  Time since last request: 0.050081 seconds.
  path: Assets/Desktop/Background.png
  artifactKey: Guid(998e9af76d1422247baf27168d504909) Importer(815301076,1909f56bfc062723c751e8b465ee728b)
Start importing Assets/Desktop/Background.png using Guid(998e9af76d1422247baf27168d504909) Importer(815301076,1909f56bfc062723c751e8b465ee728b)  -> (artifact id: '300860b57488e720b8c65a268a5d504d') in 0.010994 seconds 
  Import took 0.013398 seconds .

========================================================================
Received Import Request.
  Time since last request: 0.000212 seconds.
  path: Assets/Desktop/desktop_screen-border.png
  artifactKey: Guid(8fafe3d36d345438aa7ed65b7b8a63b1) Importer(815301076,1909f56bfc062723c751e8b465ee728b)
Start importing Assets/Desktop/desktop_screen-border.png using Guid(8fafe3d36d345438aa7ed65b7b8a63b1) Importer(815301076,1909f56bfc062723c751e8b465ee728b)  -> (artifact id: 'fed1c5cbfe3a4c90308707bd9e6c15ee') in 0.009744 seconds 
  Import took 0.011919 seconds .

========================================================================
Received Import Request.
  Time since last request: 0.000221 seconds.
  path: Assets/Desktop/desktop_tab.png
  artifactKey: Guid(c4edd32fd55414148814043a1d62b231) Importer(815301076,1909f56bfc062723c751e8b465ee728b)
Start importing Assets/Desktop/desktop_tab.png using Guid(c4edd32fd55414148814043a1d62b231) Importer(815301076,1909f56bfc062723c751e8b465ee728b)  -> (artifact id: '5f27445000d7a1d797c4bf7a312421b7') in 0.008956 seconds 
  Import took 0.011273 seconds .

========================================================================
Received Import Request.
  Time since last request: 0.000216 seconds.
  path: Assets/Desktop/desktop_messy file icons.png
  artifactKey: Guid(6a21e6ae30fc345bda70cbdb9f1d957a) Importer(815301076,1909f56bfc062723c751e8b465ee728b)
Start importing Assets/Desktop/desktop_messy file icons.png using Guid(6a21e6ae30fc345bda70cbdb9f1d957a) Importer(815301076,1909f56bfc062723c751e8b465ee728b)  -> (artifact id: '9b0ba4e80ee231562e217650768e4a75') in 0.009625 seconds 
  Import took 0.011947 seconds .

========================================================================
Received Import Request.
  Time since last request: 0.000220 seconds.
  path: Assets/Desktop/desktop_bottom-bar.png
  artifactKey: Guid(edc18cfc92c1048f2a239fe98bc1e4b0) Importer(815301076,1909f56bfc062723c751e8b465ee728b)
Start importing Assets/Desktop/desktop_bottom-bar.png using Guid(edc18cfc92c1048f2a239fe98bc1e4b0) Importer(815301076,1909f56bfc062723c751e8b465ee728b)  -> (artifact id: '2f76b9d9ed48b4722ad442d8ac26ad15') in 0.009520 seconds 
  Import took 0.011736 seconds .

========================================================================
Received Import Request.
  Time since last request: 0.000242 seconds.
  path: Assets/Desktop/ProgramIcons.png
  artifactKey: Guid(3b4ce5882a5ec2f4b9a8558bf4efe9fc) Importer(815301076,1909f56bfc062723c751e8b465ee728b)
Start importing Assets/Desktop/ProgramIcons.png using Guid(3b4ce5882a5ec2f4b9a8558bf4efe9fc) Importer(815301076,1909f56bfc062723c751e8b465ee728b)  -> (artifact id: '46d453e000ab813943b41fa2a1bb38a8') in 0.024250 seconds 
  Import took 0.026491 seconds .

========================================================================
Received Import Request.
  Time since last request: 0.000206 seconds.
  path: Assets/Desktop/desktop_messy file icons.png
  artifactKey: Guid(6a21e6ae30fc345bda70cbdb9f1d957a) Importer(815301076,1909f56bfc062723c751e8b465ee728b)
Start importing Assets/Desktop/desktop_messy file icons.png using Guid(6a21e6ae30fc345bda70cbdb9f1d957a) Importer(815301076,1909f56bfc062723c751e8b465ee728b)  -> (artifact id: '9b0ba4e80ee231562e217650768e4a75') in 0.006623 seconds 
  Import took 0.008773 seconds .

========================================================================
Received Import Request.
  Time since last request: 0.000237 seconds.
  path: Assets/Desktop/desktop_tab-(selected).png
  artifactKey: Guid(95b24408acfc34405a57ac85579b8b71) Importer(815301076,1909f56bfc062723c751e8b465ee728b)
Start importing Assets/Desktop/desktop_tab-(selected).png using Guid(95b24408acfc34405a57ac85579b8b71) Importer(815301076,1909f56bfc062723c751e8b465ee728b)  -> (artifact id: '40db1d345146c8ea636a724d1773307b') in 0.009902 seconds 
  Import took 0.012210 seconds .

AssetImportWorkerClient::OnTransportError - code=2 error=End of file
